<?xml version="1.0" encoding="UTF-8"?>
<testsuite xmlns:xsi="http://www.w3.org/2001/XMLSchema-instance" xsi:noNamespaceSchemaLocation="https://maven.apache.org/surefire/maven-surefire-plugin/xsd/surefire-test-report.xsd" version="3.0.2" name="com.example.lab10.Lab10ApplicationTests" time="10.477" tests="1" errors="0" skipped="0" failures="0">
  <properties>
[...]
</properties>
  <testcase name="contextLoads" classname="com.example.lab10.Lab10ApplicationTests" time="3.836">
    <system-out><![CDATA[21:40:44.753 [main] INFO org.springframework.test.context.support.AnnotationConfigContextLoaderUtils -- Could not detect default configuration classes for test class [com.example.lab10.Lab10ApplicationTests]: Lab10ApplicationTests does not declare any static, non-private, non-final, nested classes annotated with @Configuration.
21:40:45.118 [main] INFO org.springframework.boot.test.context.SpringBootTestContextBootstrapper -- Found @SpringBootConfiguration com.example.lab10.Lab10Application for test class com.example.lab10.Lab10ApplicationTests

  .   ____          _            __ _ _
 /\\ / ___'_ __ _ _(_)_ __  __ _ \ \ \ \
( ( )\___ | '_ | '_| | '_ \/ _` | \ \ \ \
 \\/  ___)| |_)| | | | | || (_| |  ) ) ) )
  '  |____| .__|_| |_|_| |_\__, | / / / /
 =========|_|==============|___/=/_/_/_/

 :: Spring Boot ::                (v3.4.0)

2024-12-01T21:40:46.460-05:00  INFO 31312 --- [Lab10Application] [           main] c.example.lab10.Lab10ApplicationTests    : Starting Lab10ApplicationTests using Java 21.0.5 with PID 31312 (started by sruth in C:\Users\sruth\OneDrive - Humber Polytechnic\Humber\Sem3\J2eenew\Lab10-11\Lab10-11-main\Lab10Application)
2024-12-01T21:40:46.465-05:00  INFO 31312 --- [Lab10Application] [           main] c.example.lab10.Lab10ApplicationTests    : No active profile set, falling back to 1 default profile: "default"
2024-12-01T21:40:50.761-05:00  INFO 31312 --- [Lab10Application] [           main] c.example.lab10.Lab10ApplicationTests    : Started Lab10ApplicationTests in 5.186 seconds (process running for 9.008)
]]></system-out>
    <system-err><![CDATA[Mockito is currently self-attaching to enable the inline-mock-maker. This will no longer work in future releases of the JDK. Please add Mockito as an agent to your build what is described in Mockito's documentation: https://javadoc.io/doc/org.mockito/mockito-core/latest/org/mockito/Mockito.html#0.3
WARNING: A Java agent has been loaded dynamically (C:\Users\sruth\.m2\repository\net\bytebuddy\byte-buddy-agent\1.15.10\byte-buddy-agent-1.15.10.jar)
WARNING: If a serviceability tool is in use, please run with -XX:+EnableDynamicAgentLoading to hide this warning
WARNING: If a serviceability tool is not in use, please run with -Djdk.instrument.traceUsage for more information
WARNING: Dynamic loading of agents will be disallowed by default in a future release
]]></system-err>
  </testcase>
</testsuite>